netcdf \010125I {
dimensions:
	Time = UNLIMITED ; // (259 currently)
	sps1 = 1 ;
variables:
	int base_time ;
		base_time:units = "seconds since 1970-01-01 00:00:00 +0000" ;
		base_time:long_name = "Start time of data recording." ;
	int Time(Time) ;
		Time:_FillValue = -32767 ;
		Time:units = "seconds since 2001-01-25 00:00:00 +0000" ;
		Time:standard_name = "time" ;
		Time:long_name = "time of measurement" ;
		Time:strptime_format = "seconds since %F %T %z" ;
	float time_offset(Time) ;
		time_offset:_FillValue = -32767.f ;
		time_offset:units = "seconds since 2001-01-25 00:00:00 +0000" ;
		time_offset:long_name = "Seconds since base_time." ;
	float LAT(Time) ;
		LAT:_FillValue = -32767.f ;
		LAT:units = "Unk" ;
		LAT:long_name = "No Title" ;
	float LON(Time) ;
		LON:_FillValue = -32767.f ;
		LON:units = "Unk" ;
		LON:long_name = "No Title" ;
	float AIR_PRESS(Time) ;
		AIR_PRESS:_FillValue = -32767.f ;
		AIR_PRESS:units = "Unk" ;
		AIR_PRESS:long_name = "No Title" ;
	float AIR_TEMP(Time) ;
		AIR_TEMP:_FillValue = -32767.f ;
		AIR_TEMP:units = "Unk" ;
		AIR_TEMP:long_name = "No Title" ;
	float GRD_SPEED(Time) ;
		GRD_SPEED:_FillValue = -32767.f ;
		GRD_SPEED:units = "Unk" ;
		GRD_SPEED:long_name = "No Title" ;
	float TRU_AIRSP(Time) ;
		TRU_AIRSP:_FillValue = -32767.f ;
		TRU_AIRSP:units = "Unk" ;
		TRU_AIRSP:long_name = "No Title" ;
	float TRACK(Time) ;
		TRACK:_FillValue = -32767.f ;
		TRACK:units = "Unk" ;
		TRACK:long_name = "No Title" ;
	float HEADING(Time) ;
		HEADING:_FillValue = -32767.f ;
		HEADING:units = "Unk" ;
		HEADING:long_name = "No Title" ;
	float PITCH(Time) ;
		PITCH:_FillValue = -32767.f ;
		PITCH:units = "Unk" ;
		PITCH:long_name = "No Title" ;
	float ROLL(Time) ;
		ROLL:_FillValue = -32767.f ;
		ROLL:units = "Unk" ;
		ROLL:long_name = "No Title" ;
	float JWLWC(Time) ;
		JWLWC:_FillValue = -32767.f ;
		JWLWC:units = "Unk" ;
		JWLWC:long_name = "No Title" ;
	float DEW_POINT(Time) ;
		DEW_POINT:_FillValue = -32767.f ;
		DEW_POINT:units = "Unk" ;
		DEW_POINT:long_name = "No Title" ;
	float GEOPOT_ALT(Time) ;
		GEOPOT_ALT:_FillValue = -32767.f ;
		GEOPOT_ALT:units = "Unk" ;
		GEOPOT_ALT:long_name = "No Title" ;
	float PRES_ALT(Time) ;
		PRES_ALT:_FillValue = -32767.f ;
		PRES_ALT:units = "Unk" ;
		PRES_ALT:long_name = "No Title" ;
	float WIND_SPD(Time) ;
		WIND_SPD:_FillValue = -32767.f ;
		WIND_SPD:units = "Unk" ;
		WIND_SPD:long_name = "No Title" ;
	float WIND_DIR(Time) ;
		WIND_DIR:_FillValue = -32767.f ;
		WIND_DIR:units = "Unk" ;
		WIND_DIR:long_name = "No Title" ;
	float VERT_GRDSPD(Time) ;
		VERT_GRDSPD:_FillValue = -32767.f ;
		VERT_GRDSPD:units = "Unk" ;
		VERT_GRDSPD:long_name = "No Title" ;
	float VERT_AIRSPD(Time) ;
		VERT_AIRSPD:_FillValue = -32767.f ;
		VERT_AIRSPD:units = "Unk" ;
		VERT_AIRSPD:long_name = "No Title" ;
	float VERT_WIND(Time) ;
		VERT_WIND:_FillValue = -32767.f ;
		VERT_WIND:units = "Unk" ;
		VERT_WIND:long_name = "No Title" ;

// global attributes:
		:Conventions = "NCAR-RAF/nimbus" ;
		:DateConvertedFromASCII = "Mar 26 21:11 GMT 2015" ;
		:FlightDate = "01/25/2001" ;
		:TimeInterval = "18:44:51-18:49:09" ;
data:

 base_time = 980380800 ;

 Time = 67491, 67492, 67493, 67494, 67495, 67496, 67497, 67498, 67499, 67500, 
    67501, 67502, 67503, 67504, 67505, 67506, 67507, 67508, 67509, 67510, 
    67511, 67512, 67513, 67514, 67515, 67516, 67517, 67518, 67519, 67520, 
    67521, 67522, 67523, 67524, 67525, 67526, 67527, 67528, 67529, 67530, 
    67531, 67532, 67533, 67534, 67535, 67536, 67537, 67538, 67539, 67540, 
    67541, 67542, 67543, 67544, 67545, 67546, 67547, 67548, 67549, 67550, 
    67551, 67552, 67553, 67554, 67555, 67556, 67557, 67558, 67559, 67560, 
    67561, 67562, 67563, 67564, 67565, 67566, 67567, 67568, 67569, 67570, 
    67571, 67572, 67573, 67574, 67575, 67576, 67577, 67578, 67579, 67580, 
    67581, 67582, 67583, 67584, 67585, 67586, 67587, 67588, 67589, 67590, 
    67591, 67592, 67593, 67594, 67595, 67596, 67597, 67598, 67599, 67600, 
    67601, 67602, 67603, 67604, 67605, 67606, 67607, 67608, 67609, 67610, 
    67611, 67612, 67613, 67614, 67615, 67616, 67617, 67618, 67619, 67620, 
    67621, 67622, 67623, 67624, 67625, 67626, 67627, 67628, 67629, 67630, 
    67631, 67632, 67633, 67634, 67635, 67636, 67637, 67638, 67639, 67640, 
    67641, 67642, 67643, 67644, 67645, 67646, 67647, 67648, 67649, 67650, 
    67651, 67652, 67653, 67654, 67655, 67656, 67657, 67658, 67659, 67660, 
    67661, 67662, 67663, 67664, 67665, 67666, 67667, 67668, 67669, 67670, 
    67671, 67672, 67673, 67674, 67675, 67676, 67677, 67678, 67679, 67680, 
    67681, 67682, 67683, 67684, 67685, 67686, 67687, 67688, 67689, 67690, 
    67691, 67692, 67693, 67694, 67695, 67696, 67697, 67698, 67699, 67700, 
    67701, 67702, 67703, 67704, 67705, 67706, 67707, 67708, 67709, 67710, 
    67711, 67712, 67713, 67714, 67715, 67716, 67717, 67718, 67719, 67720, 
    67721, 67722, 67723, 67724, 67725, 67726, 67727, 67728, 67729, 67730, 
    67731, 67732, 67733, 67734, 67735, 67736, 67737, 67738, 67739, 67740, 
    67741, 67742, 67743, 67744, 67745, 67746, 67747, 67748, 67749 ;

 time_offset = 67491, 67492, 67493, 67494, 67495, 67496, 67497, 67498, 67499, 
    67500, 67501, 67502, 67503, 67504, 67505, 67506, 67507, 67508, 67509, 
    67510, 67511, 67512, 67513, 67514, 67515, 67516, 67517, 67518, 67519, 
    67520, 67521, 67522, 67523, 67524, 67525, 67526, 67527, 67528, 67529, 
    67530, 67531, 67532, 67533, 67534, 67535, 67536, 67537, 67538, 67539, 
    67540, 67541, 67542, 67543, 67544, 67545, 67546, 67547, 67548, 67549, 
    67550, 67551, 67552, 67553, 67554, 67555, 67556, 67557, 67558, 67559, 
    67560, 67561, 67562, 67563, 67564, 67565, 67566, 67567, 67568, 67569, 
    67570, 67571, 67572, 67573, 67574, 67575, 67576, 67577, 67578, 67579, 
    67580, 67581, 67582, 67583, 67584, 67585, 67586, 67587, 67588, 67589, 
    67590, 67591, 67592, 67593, 67594, 67595, 67596, 67597, 67598, 67599, 
    67600, 67601, 67602, 67603, 67604, 67605, 67606, 67607, 67608, 67609, 
    67610, 67611, 67612, 67613, 67614, 67615, 67616, 67617, 67618, 67619, 
    67620, 67621, 67622, 67623, 67624, 67625, 67626, 67627, 67628, 67629, 
    67630, 67631, 67632, 67633, 67634, 67635, 67636, 67637, 67638, 67639, 
    67640, 67641, 67642, 67643, 67644, 67645, 67646, 67647, 67648, 67649, 
    67650, 67651, 67652, 67653, 67654, 67655, 67656, 67657, 67658, 67659, 
    67660, 67661, 67662, 67663, 67664, 67665, 67666, 67667, 67668, 67669, 
    67670, 67671, 67672, 67673, 67674, 67675, 67676, 67677, 67678, 67679, 
    67680, 67681, 67682, 67683, 67684, 67685, 67686, 67687, 67688, 67689, 
    67690, 67691, 67692, 67693, 67694, 67695, 67696, 67697, 67698, 67699, 
    67700, 67701, 67702, 67703, 67704, 67705, 67706, 67707, 67708, 67709, 
    67710, 67711, 67712, 67713, 67714, 67715, 67716, 67717, 67718, 67719, 
    67720, 67721, 67722, 67723, 67724, 67725, 67726, 67727, 67728, 67729, 
    67730, 67731, 67732, 67733, 67734, 67735, 67736, 67737, 67738, 67739, 
    67740, 67741, 67742, 67743, 67744, 67745, 67746, 67747, 67748, 67749 ;

 LAT = 38.1391, 38.1396, 38.1401, 38.1406, 38.1411, 38.1416, 38.1421, 
    38.1426, 38.1431, 38.1437, 38.1442, 38.1447, 38.1453, 38.1458, 38.1464, 
    38.147, 38.1476, 38.1481, 38.1487, 38.1493, 38.1499, 38.1506, 38.1512, 
    38.1518, 38.1524, 38.153, 38.1536, 38.1543, 38.1549, 38.1555, 38.1562, 
    38.1568, 38.1574, 38.1581, 38.1587, 38.1593, 38.16, 38.1606, 38.1612, 
    38.1618, 38.1624, 38.1631, 38.1637, 38.1643, 38.1649, 38.1655, 38.1661, 
    38.1667, 38.1673, 38.1679, 38.1685, 38.1691, 38.1697, 38.1703, 38.1709, 
    38.1715, 38.1721, 38.1727, 38.1733, 38.1739, 38.1745, 38.1751, 38.1757, 
    38.1763, 38.1769, 38.1774, 38.178, 38.1786, 38.1792, 38.1798, 38.1804, 
    38.181, 38.1816, 38.1822, 38.1828, 38.1833, 38.1839, 38.1845, 38.1851, 
    38.1857, 38.1863, 38.1869, 38.1874, 38.188, 38.1886, 38.1892, 38.1898, 
    38.1903, 38.1909, 38.1915, 38.1921, 38.1927, 38.1932, 38.1938, 38.1944, 
    38.195, 38.1956, 38.1961, 38.1967, 38.1973, 38.1979, 38.1984, 38.199, 
    38.1996, 38.2002, 38.2007, 38.2013, 38.2019, 38.2025, 38.203, 38.2036, 
    38.2042, 38.2047, 38.2053, 38.2059, 38.2065, 38.207, 38.2076, 38.2082, 
    38.2087, 38.2093, 38.2099, 38.2104, 38.211, 38.2116, 38.2121, 38.2127, 
    38.2133, 38.2138, 38.2144, 38.215, 38.2155, 38.2161, 38.2166, 38.2172, 
    38.2178, 38.2183, 38.2189, 38.2194, 38.22, 38.2205, 38.2211, 38.2217, 
    38.2222, 38.2228, 38.2233, 38.2239, 38.2244, 38.225, 38.2255, 38.2261, 
    38.2267, 38.2272, 38.2278, 38.2283, 38.2289, 38.2294, 38.23, 38.2305, 
    38.2311, 38.2317, 38.2322, 38.2328, 38.2333, 38.2339, 38.2344, 38.235, 
    38.2355, 38.2361, 38.2367, 38.2372, 38.2378, 38.2383, 38.2389, 38.2394, 
    38.24, 38.2405, 38.2411, 38.2417, 38.2422, 38.2428, 38.2433, 38.2439, 
    38.2444, 38.245, 38.2455, 38.2461, 38.2466, 38.2472, 38.2477, 38.2483, 
    38.2488, 38.2494, 38.2499, 38.2505, 38.251, 38.2516, 38.2521, 38.2527, 
    38.2532, 38.2538, 38.2543, 38.2548, 38.2554, 38.2559, 38.2564, 38.257, 
    38.2575, 38.258, 38.2586, 38.2591, 38.2596, 38.2602, 38.2607, 38.2612, 
    38.2617, 38.2623, 38.2628, 38.2633, 38.2639, 38.2644, 38.2649, 38.2655, 
    38.266, 38.2665, 38.267, 38.2676, 38.2681, 38.2686, 38.2691, 38.2697, 
    38.2702, 38.2708, 38.2713, 38.2719, 38.2724, 38.273, 38.2736, 38.2742, 
    38.2748, 38.2754, 38.2761, 38.2767, 38.2773, 38.2779, 38.2785, 38.2792, 
    38.2798, 38.2804, 38.2811, 38.2817, 38.2823, 38.283, 38.2836, 38.2842, 
    38.2849, 38.2855, 38.2861, 38.2868 ;

 LON = -123.4802, -123.4814, -123.4825, -123.4837, -123.4849, -123.4861, 
    -123.4873, -123.4885, -123.4896, -123.4908, -123.492, -123.4932, 
    -123.4944, -123.4956, -123.4967, -123.4979, -123.4991, -123.5003, 
    -123.5015, -123.5027, -123.5039, -123.505, -123.5062, -123.5074, 
    -123.5086, -123.5098, -123.511, -123.5121, -123.5133, -123.5145, 
    -123.5157, -123.5169, -123.518, -123.5192, -123.5204, -123.5215, 
    -123.5227, -123.5239, -123.5251, -123.5262, -123.5274, -123.5286, 
    -123.5297, -123.5309, -123.5321, -123.5333, -123.5344, -123.5356, 
    -123.5368, -123.5379, -123.5391, -123.5403, -123.5414, -123.5426, 
    -123.5437, -123.5449, -123.5461, -123.5472, -123.5484, -123.5496, 
    -123.5507, -123.5519, -123.5531, -123.5542, -123.5554, -123.5566, 
    -123.5577, -123.5589, -123.5601, -123.5612, -123.5624, -123.5635, 
    -123.5647, -123.5659, -123.567, -123.5682, -123.5694, -123.5705, 
    -123.5717, -123.5728, -123.574, -123.5751, -123.5763, -123.5774, 
    -123.5786, -123.5797, -123.5809, -123.582, -123.5832, -123.5843, 
    -123.5854, -123.5866, -123.5877, -123.5889, -123.59, -123.5911, 
    -123.5922, -123.5934, -123.5945, -123.5956, -123.5968, -123.5979, 
    -123.599, -123.6001, -123.6013, -123.6024, -123.6035, -123.6046, 
    -123.6057, -123.6068, -123.608, -123.6091, -123.6102, -123.6113, 
    -123.6124, -123.6135, -123.6146, -123.6157, -123.6168, -123.6179, 
    -123.619, -123.6201, -123.6212, -123.6223, -123.6234, -123.6245, 
    -123.6256, -123.6267, -123.6278, -123.6289, -123.63, -123.6311, 
    -123.6322, -123.6333, -123.6344, -123.6355, -123.6366, -123.6376, 
    -123.6387, -123.6398, -123.6409, -123.642, -123.6431, -123.6442, 
    -123.6452, -123.6463, -123.6474, -123.6485, -123.6496, -123.6506, 
    -123.6517, -123.6528, -123.6539, -123.655, -123.656, -123.6571, 
    -123.6582, -123.6593, -123.6603, -123.6614, -123.6625, -123.6636, 
    -123.6646, -123.6657, -123.6668, -123.6678, -123.6689, -123.67, -123.671, 
    -123.6721, -123.6732, -123.6742, -123.6753, -123.6764, -123.6774, 
    -123.6785, -123.6796, -123.6806, -123.6817, -123.6828, -123.6838, 
    -123.6849, -123.686, -123.687, -123.6881, -123.6891, -123.6902, 
    -123.6913, -123.6923, -123.6934, -123.6945, -123.6955, -123.6966, 
    -123.6976, -123.6987, -123.6997, -123.7008, -123.7019, -123.7029, 
    -123.704, -123.705, -123.7061, -123.7071, -123.7082, -123.7092, 
    -123.7103, -123.7113, -123.7124, -123.7134, -123.7145, -123.7155, 
    -123.7166, -123.7176, -123.7187, -123.7197, -123.7208, -123.7218, 
    -123.7228, -123.7239, -123.7249, -123.726, -123.727, -123.728, -123.7291, 
    -123.7301, -123.7312, -123.7322, -123.7332, -123.7343, -123.7353, 
    -123.7363, -123.7373, -123.7383, -123.7393, -123.7403, -123.7413, 
    -123.7423, -123.7432, -123.7442, -123.7452, -123.7461, -123.7471, 
    -123.7481, -123.749, -123.75, -123.751, -123.7519, -123.7529, -123.7539, 
    -123.7549, -123.7558, -123.7568, -123.7578, -123.7588, -123.7598, 
    -123.7608, -123.7618, -123.7628, -123.7638 ;

 AIR_PRESS = 907.3, 907.3, 907.5, 907.8, 908, 908.2, 908.3, 908.4, 908.3, 
    908.3, 908.2, 908.1, 908.2, 908.3, 908.4, 908.6, 908.7, 909.1, 909.3, 
    909.6, 909.8, 910.2, 910.3, 910.4, 910.5, 910.7, 910.9, 911.2, 911.3, 
    911.3, 911.4, 911.4, 911.3, 911.3, 911.3, 911.2, 911.2, 911.2, 911.1, 
    910.9, 910.9, 910.9, 910.7, 910.7, 910.6, 910.6, 910.6, 910.5, 910.5, 
    910.5, 910.5, 910.5, 910.4, 910.4, 910.3, 910.4, 910.4, 910.4, 910.5, 
    910.5, 910.4, 910.4, 910.5, 910.5, 910.5, 910.7, 910.7, 910.7, 910.7, 
    910.7, 910.6, 910.8, 910.8, 910.8, 910.8, 910.7, 910.7, 910.8, 910.7, 
    910.7, 910.7, 910.7, 910.7, 910.7, 910.7, 910.7, 910.6, 910.6, 910.7, 
    910.7, 910.7, 910.7, 910.7, 910.7, 910.7, 910.7, 910.8, 910.7, 910.7, 
    910.7, 910.7, 910.7, 910.6, 910.6, 910.7, 910.7, 910.7, 910.7, 910.7, 
    910.7, 910.7, 910.7, 910.7, 910.7, 910.7, 910.8, 910.8, 910.7, 910.7, 
    910.7, 910.7, 910.8, 910.8, 910.8, 910.8, 910.8, 910.8, 910.8, 910.8, 
    910.8, 910.8, 910.8, 910.8, 910.8, 910.8, 910.8, 910.8, 910.8, 910.7, 
    910.8, 910.8, 910.8, 910.8, 910.8, 910.8, 910.8, 910.8, 910.8, 910.8, 
    910.8, 910.8, 910.8, 910.9, 910.9, 910.9, 910.9, 910.9, 911.1, 911.1, 
    911.1, 911.1, 910.9, 911.1, 910.9, 910.9, 910.8, 910.8, 910.8, 910.7, 
    910.8, 910.7, 910.8, 910.7, 910.7, 910.7, 910.8, 910.8, 910.8, 910.8, 
    910.8, 910.9, 910.9, 910.9, 911.1, 910.9, 910.9, 911.1, 911.1, 911.1, 
    911.1, 911.1, 911.2, 911.1, 910.9, 911.1, 911.1, 910.9, 910.8, 910.8, 
    910.7, 910.7, 910.6, 910.7, 910.6, 910.6, 910.5, 910.6, 910.8, 910.7, 
    910.6, 910.7, 910.7, 910.8, 910.9, 910.7, 910.6, 910.6, 910.6, 910.7, 
    910.7, 910.5, 910.3, 910.4, 910.6, 910.9, 910.8, 910.9, 911.1, 911.2, 
    911.1, 911.1, 911.2, 911.2, 911.2, 911.2, 911.2, 911.1, 911.1, 911.1, 
    911.1, 911.1, 910.8, 910.7, 910.7, 910.7, 910.7, 910.6, 910.5, 910.5, 
    910.4, 910.3, 910.4, 910.4, 910.4, 910.4, 910.5, 910.6, 910.6, 910.5 ;

 AIR_TEMP = 4.4, 4.4, 4.3, 4.3, 4.5, 4.5, 4.5, 4.6, 4.6, 4.5, 4.5, 4.5, 4.5, 
    4.5, 4.6, 4.6, 4.8, 4.8, 4.6, 4.8, 4.9, 4.9, 4.9, 4.9, 4.8, 4.6, 4.6, 
    4.9, 5, 5, 5, 5, 5, 5, 5, 5, 5, 5, 5, 5, 5, 5, 5, 5, 5, 5, 5, 5, 5, 4.9, 
    4.9, 5, 4.9, 4.9, 4.9, 4.6, 4.8, 4.8, 4.6, 4.8, 4.9, 4.8, 4.8, 4.8, 4.8, 
    4.8, 4.9, 4.8, 4.6, 4.8, 4.6, 4.6, 4.8, 4.8, 4.8, 4.9, 5, 5, 5, 5, 5, 
    5.1, 5.1, 5.1, 5.1, 5.1, 5.1, 5.1, 5.3, 5.3, 5.3, 5.3, 5.3, 5.3, 5.4, 
    5.5, 5.4, 5.4, 5.3, 5.3, 5.3, 5.3, 5.1, 5.1, 5.1, 5.1, 5.1, 5.1, 5.1, 
    5.1, 5.1, 5.1, 5.1, 5, 5, 5.1, 5.1, 5.1, 5, 5, 5, 5.1, 5, 5, 5, 5.1, 5.1, 
    5.1, 5.1, 5.1, 5.1, 5.1, 5.1, 5.1, 5.1, 5.1, 5.1, 5, 5, 5.1, 5.1, 5.1, 
    5.1, 5.1, 5.1, 5.1, 5.1, 5.1, 5.1, 5.1, 5.1, 5.1, 5.1, 5.1, 5.1, 5.1, 
    5.1, 5.1, 5.1, 5.1, 5.1, 5, 5.1, 5, 5.1, 5.1, 5.1, 5.1, 5.1, 5.1, 5.3, 
    5.3, 5.1, 5.1, 5.1, 5.1, 5.1, 5, 5, 5.1, 5.1, 5.1, 5.1, 5.1, 5.1, 5.1, 
    5.1, 5.3, 5.4, 5.4, 5.3, 5.5, 5.6, 5.6, 5.4, 5.5, 5.6, 5.6, 5.9, 5.9, 
    5.9, 6, 6, 6, 5.9, 5.8, 5.5, 5.6, 5.5, 5.5, 5.8, 6, 5.8, 5.8, 5.8, 6, 6, 
    5.9, 5.6, 5.5, 5.6, 5.3, 5, 5.1, 5.5, 5.8, 5.9, 5.8, 5.6, 5.5, 5.5, 5.4, 
    5.3, 5.1, 5.1, 5, 5.1, 5, 5, 5, 5.1, 5.3, 5.5, 5.5, 5.5, 5.6, 5.6, 5.5, 
    5.5, 5.5, 5.5, 5.5, 5.5, 5.5, 5.5, 5.6, 5.8, 5.8, 5.9 ;

 GRD_SPEED = 116.47, 116.75, 117.06, 117.44, 117.88, 118.28, 118.57, 118.88, 
    119.21, 119.52, 119.86, 120.25, 120.74, 121.24, 121.71, 122.21, 122.74, 
    123.26, 123.66, 123.94, 124.16, 124.33, 124.42, 124.47, 124.61, 124.78, 
    124.91, 125, 125.03, 125.01, 125.02, 125.01, 124.97, 124.93, 124.76, 
    124.54, 124.33, 124.11, 123.9, 123.7, 123.52, 123.36, 123.18, 123.03, 
    122.87, 122.73, 122.63, 122.52, 122.39, 122.3, 122.23, 122.15, 122.11, 
    122.09, 122.05, 122.03, 122, 121.94, 121.92, 121.9, 121.83, 121.78, 
    121.75, 121.7, 121.62, 121.55, 121.5, 121.47, 121.44, 121.38, 121.31, 
    121.27, 121.23, 121.14, 121.04, 120.93, 120.84, 120.75, 120.64, 120.52, 
    120.38, 120.21, 120.07, 119.94, 119.81, 119.67, 119.53, 119.38, 119.22, 
    119.1, 118.97, 118.84, 118.71, 118.55, 118.41, 118.29, 118.2, 118.08, 
    117.95, 117.82, 117.69, 117.59, 117.49, 117.37, 117.28, 117.18, 117.06, 
    116.97, 116.86, 116.74, 116.63, 116.52, 116.41, 116.3, 116.21, 116.11, 
    115.99, 115.88, 115.8, 115.69, 115.58, 115.49, 115.39, 115.27, 115.17, 
    115.06, 114.95, 114.84, 114.72, 114.61, 114.47, 114.36, 114.25, 114.13, 
    114.04, 113.96, 113.9, 113.84, 113.75, 113.67, 113.6, 113.55, 113.49, 
    113.4, 113.33, 113.26, 113.21, 113.16, 113.13, 113.09, 113.01, 112.97, 
    112.94, 112.88, 112.82, 112.77, 112.73, 112.69, 112.66, 112.62, 112.59, 
    112.55, 112.5, 112.45, 112.4, 112.34, 112.29, 112.25, 112.2, 112.16, 
    112.14, 112.14, 112.12, 112.1, 112.08, 112.06, 112.04, 112.04, 112.01, 
    111.99, 111.97, 111.93, 111.89, 111.82, 111.76, 111.7, 111.64, 111.56, 
    111.46, 111.38, 111.29, 111.19, 111.12, 111.01, 110.91, 110.81, 110.63, 
    110.46, 110.36, 110.27, 110.16, 110.01, 109.93, 109.85, 109.76, 109.7, 
    109.68, 109.65, 109.57, 109.43, 109.26, 109.14, 109.08, 109.05, 108.98, 
    108.85, 108.78, 108.68, 108.61, 108.69, 108.8, 108.73, 108.63, 108.5, 
    108.29, 108.02, 107.81, 107.68, 107.49, 107.26, 107.02, 106.85, 106.77, 
    106.73, 106.81, 107.04, 107.4, 107.8, 108.18, 108.48, 108.75, 108.98, 
    109.16, 109.41, 109.72, 110.05, 110.35, 110.62, 110.89, 111.18, 111.47, 
    111.72, 111.93, 112.08, 112.24, 112.42, 112.59, 112.64, 112.68 ;

 TRU_AIRSP = 116.4, 116.4, 116.8, 118.3, 118.3, 118.3, 119.1, 119, 118.2, 
    118.7, 119, 119.8, 119.8, 120.4, 120.9, 121.3, 121.2, 121, 121.6, 122.2, 
    122.3, 121.7, 121.2, 120.9, 120.1, 120.2, 122.4, 122.9, 122.6, 122.7, 
    123, 122.2, 121.9, 122.4, 122.5, 122.5, 122.4, 122.2, 122.1, 121.7, 
    121.7, 120.9, 121.2, 121.2, 121.1, 121.2, 120.7, 120.5, 120.4, 120.1, 
    120.2, 119.8, 119.2, 118.7, 118.1, 118.8, 119, 119.2, 119.8, 119.9, 
    119.2, 119, 119.2, 119.4, 119.6, 119.3, 118.3, 117.5, 118, 117.5, 117.7, 
    118.1, 118.5, 118.5, 119.2, 119.8, 119.3, 119.5, 119.7, 119.7, 120.3, 
    120.1, 119.8, 119.5, 119.4, 119.2, 119.1, 119.5, 119.3, 118.9, 118.6, 
    118.4, 118.7, 118.9, 118.8, 118.2, 118, 117.9, 117.8, 117.6, 117.5, 
    117.2, 116.9, 116.9, 116.8, 116.9, 116.9, 116.7, 116.7, 116.6, 116.5, 
    116.4, 116.2, 116.2, 116.2, 116, 115.8, 115.4, 115.2, 115.4, 115.4, 
    115.1, 115.2, 115.1, 115, 115, 114.8, 114.8, 114.3, 114.2, 114.1, 114, 
    113.6, 113.5, 113.3, 113, 112.7, 112.9, 113.5, 113.3, 113.1, 112.9, 
    112.5, 112.2, 112.2, 112.2, 112.5, 112.4, 112.6, 112.5, 112.4, 112, 112, 
    111.9, 111.9, 111.8, 111.9, 112.4, 112.6, 112.5, 112.6, 112.9, 112.8, 
    113.1, 113, 113.2, 112.9, 113.1, 113.1, 113.3, 113.1, 112.4, 112.6, 
    112.7, 113, 112.8, 112.4, 112.4, 112.8, 112.6, 112.2, 112.2, 112, 112.3, 
    112.2, 112.9, 113.7, 113.4, 112.8, 112.4, 113.6, 113.4, 113.2, 113.1, 
    114.6, 115.5, 116.3, 116.1, 115.6, 115.7, 115.7, 114.9, 113.5, 113.2, 
    112.3, 112.4, 113.6, 113.5, 113.8, 115.9, 115.8, 115, 116.6, 115.4, 
    114.1, 114.2, 113.6, 114.3, 114.4, 114, 110.8, 112, 113.5, 115.9, 116.8, 
    115.8, 114.5, 114, 113.8, 111.9, 109.7, 108.8, 108.9, 109.4, 109.9, 
    109.4, 107.9, 108, 108.4, 109.3, 109.9, 111, 110.6, 110.9, 111.8, 110.6, 
    110.6, 111.3, 111.4, 111, 111.6, 112.7, 113.5, 113.5, 113.7, 114.4, 
    114.4, 115.2, 114.6 ;

 TRACK = 299, 298.8, 298.5, 298.4, 298.3, 298.3, 298.4, 298.6, 299, 299.4, 
    299.8, 300.2, 300.6, 301, 301.4, 301.7, 302, 302.3, 302.5, 302.8, 303, 
    303.2, 303.4, 303.4, 303.5, 303.6, 303.8, 303.9, 304, 304.1, 304.3, 
    304.4, 304.5, 304.5, 304.4, 304.2, 304.1, 303.9, 303.8, 303.7, 303.6, 
    303.6, 303.5, 303.5, 303.4, 303.3, 303.3, 303.3, 303.2, 303.1, 303.1, 
    303.1, 303.1, 303.1, 303, 303, 302.9, 302.9, 302.9, 302.9, 302.8, 302.8, 
    302.8, 302.8, 302.7, 302.7, 302.7, 302.8, 302.8, 302.8, 302.7, 302.7, 
    302.7, 302.7, 302.7, 302.7, 302.7, 302.7, 302.7, 302.7, 302.7, 302.7, 
    302.7, 302.7, 302.7, 302.7, 302.7, 302.8, 302.8, 302.8, 302.8, 302.9, 
    302.9, 302.9, 302.8, 302.9, 302.9, 303, 303, 302.9, 302.9, 303, 303, 303, 
    303, 303, 303, 303, 303, 303, 303.1, 303.1, 303.1, 303, 303.1, 303.1, 
    303.1, 303.1, 303.1, 303.1, 303.1, 303.1, 303.1, 303.1, 303.1, 303.1, 
    303.1, 303.1, 303.1, 303.1, 303.1, 303.1, 303.1, 303.1, 303.1, 303, 303, 
    303.1, 303, 303, 303, 303, 303, 303, 303, 303, 303, 303.1, 303.1, 303.1, 
    303.1, 303.1, 303.2, 303.2, 303.2, 303.2, 303.2, 303.3, 303.3, 303.3, 
    303.3, 303.3, 303.3, 303.4, 303.4, 303.4, 303.4, 303.4, 303.4, 303.5, 
    303.5, 303.5, 303.5, 303.5, 303.5, 303.5, 303.5, 303.5, 303.5, 303.5, 
    303.5, 303.5, 303.5, 303.4, 303.4, 303.4, 303.4, 303.4, 303.3, 303.3, 
    303.3, 303.3, 303.4, 303.3, 303.3, 303.3, 303.2, 303.1, 303.1, 303.1, 
    303, 302.9, 302.9, 302.9, 302.8, 302.7, 302.7, 302.7, 302.7, 302.7, 
    302.6, 302.5, 302.6, 302.8, 302.9, 302.8, 302.8, 302.9, 303, 303.2, 
    303.2, 303, 302.8, 302.6, 302.4, 302.3, 302.3, 302.6, 303.2, 303.7, 304, 
    304.4, 304.9, 305.5, 306, 306.7, 307.4, 308, 308.6, 308.9, 309.1, 309.2, 
    309.1, 309.1, 309.2, 309.3, 309.2, 309.3, 309.3, 309.3, 309.3, 309.2, 
    309.2, 309.1, 308.9, 308.8, 308.8, 308.7, 308.7 ;

 HEADING = 286, 285.7, 285.7, 286, 286.2, 286.2, 286.3, 286.7, 286.8, 287.3, 
    287.8, 288.6, 289.1, 289.3, 289.7, 290.2, 290.6, 290.7, 291.1, 291.3, 
    291.7, 291.8, 291.7, 292, 292.1, 292.1, 292.1, 292, 291.8, 291.8, 292, 
    291.8, 292.1, 292, 291.7, 291.5, 291.2, 291.1, 291, 290.7, 290.7, 290.6, 
    290.5, 290.5, 290.5, 290.6, 290.5, 290.3, 290.2, 290.2, 290, 289.8, 
    289.7, 289.7, 290, 290.2, 290.2, 290.2, 290.2, 290.1, 290, 290.1, 290.2, 
    290.3, 290.5, 290.3, 290.1, 289.8, 289.7, 289.7, 289.8, 290, 289.8, 
    289.7, 289.6, 289.6, 289.7, 289.8, 289.8, 289.7, 289.7, 289.7, 289.8, 
    289.8, 289.7, 289.7, 289.6, 289.6, 289.7, 289.7, 289.7, 289.7, 289.7, 
    289.7, 289.7, 290, 290, 289.7, 289.6, 289.6, 289.6, 289.7, 289.7, 289.8, 
    289.7, 289.7, 289.7, 289.7, 289.6, 289.6, 289.6, 289.6, 289.7, 289.7, 
    289.7, 289.7, 289.7, 289.6, 289.5, 289.5, 289.7, 289.7, 289.7, 289.7, 
    289.7, 289.7, 289.8, 289.8, 289.8, 289.7, 289.7, 289.7, 289.8, 289.8, 
    289.8, 289.7, 289.7, 289.7, 289.7, 289.7, 289.8, 289.8, 289.7, 289.7, 
    289.7, 289.7, 289.7, 289.7, 289.7, 289.6, 289.5, 289.6, 289.5, 289.5, 
    289.5, 289.5, 289.5, 289.3, 289.3, 289.3, 289.3, 289.3, 289.5, 289.5, 
    289.5, 289.5, 289.7, 289.7, 289.7, 289.7, 289.7, 289.7, 289.6, 289.6, 
    289.7, 289.7, 289.7, 289.7, 289.7, 289.8, 289.8, 289.7, 289.7, 289.6, 
    289.7, 289.8, 290, 290, 290, 290, 289.8, 290.1, 290, 289.7, 289.8, 290, 
    290.1, 290.2, 290.5, 290.7, 290.7, 291, 290.8, 290.3, 290.2, 290.5, 
    290.3, 290, 289.5, 289.2, 289.5, 290, 290, 289.3, 288.6, 288.3, 288.8, 
    289.5, 289.7, 289.6, 289.2, 290, 291.1, 291.6, 291.5, 291, 291.1, 291.2, 
    291.2, 291.2, 291.7, 292.2, 292.5, 292.5, 293, 293.7, 294.5, 295.5, 
    295.8, 296.2, 296.2, 296.5, 296.8, 297.6, 298.1, 298, 298.1, 298.1, 
    298.2, 298.3, 298.6, 298.7, 298.7, 298.7, 299, 299.3, 299.1, 298.3, 298.1 ;

 PITCH = 1.3, 0.6, 0.1, 0, 0.5, 1.2, 1.7, 1.8, 2.2, 2, 1.3, 0.8, 0.6, 0.6, 
    0.5, 0.2, -0.1, -0.2, 0, 0.2, 0.8, 1, 0.8, 0.6, 0.4, 0.5, 0.6, 1, 1, 1.2, 
    1.2, 1.2, 1.2, 1.3, 1.5, 1.5, 1.6, 1.6, 1.6, 1.6, 1.6, 1.6, 1.6, 1.5, 
    1.5, 1.2, 1.3, 1.2, 1.2, 1.2, 1.2, 1.2, 1.2, 1.1, 1, 1, 1.2, 1.2, 1, 1.2, 
    1.2, 1.2, 1.2, 1.2, 1.2, 1.5, 1.7, 1.3, 1.5, 1.6, 1.2, 1.3, 1.7, 1.6, 
    1.6, 1.5, 1.3, 1.7, 1.7, 1.5, 1.6, 1.6, 1.5, 1.6, 1.6, 1.6, 1.7, 1.6, 
    1.6, 1.6, 1.7, 1.7, 1.6, 1.6, 1.6, 1.6, 1.6, 1.7, 1.7, 1.6, 1.6, 1.7, 
    1.7, 1.6, 1.6, 1.7, 1.6, 1.7, 1.7, 1.7, 1.7, 1.7, 1.6, 1.7, 1.7, 1.7, 
    1.7, 1.7, 1.7, 1.7, 1.7, 1.7, 1.7, 1.7, 1.7, 1.7, 1.8, 1.8, 1.8, 2, 2, 2, 
    2, 1.8, 1.8, 2, 2, 2, 2, 2, 2, 2, 2.2, 2.2, 2.2, 2.2, 2.2, 2, 2, 2.2, 2, 
    2, 2.2, 2.2, 2.2, 2.2, 2, 2, 2, 2, 2, 2, 2, 2.2, 2, 2, 2, 2, 1.8, 2, 1.7, 
    1.8, 1.8, 1.8, 2, 1.8, 2, 1.8, 1.8, 2, 2, 2, 2.2, 2, 2.2, 2, 2, 2.2, 2.2, 
    2.2, 2.2, 2.2, 2.4, 2.2, 2, 2, 2.2, 2, 1.8, 1.7, 2, 2, 2, 2, 2, 2, 1.8, 
    2, 2, 2, 2, 2, 2, 2.2, 2, 1.7, 2, 2.4, 2.2, 1.6, 1.2, 1.5, 1.8, 2, 2.5, 
    2.5, 2.2, 2.5, 2.7, 2.4, 2.2, 2.4, 2.7, 2.5, 3, 2.9, 2.7, 2.7, 2.7, 2.5, 
    2.7, 3, 2.7, 2.5, 2.7, 2.2, 2.2, 2.5, 2.2, 2.2, 2, 2.2, 2.4, 2.4, 2.2, 
    2.2, 2, 2, 2 ;

 ROLL = -3.2, -3, -2.5, -1.7, -1.1, -0.5, 0.6, 2.2, 3.5, 4.3, 4.6, 4, 3.9, 
    3.9, 3.2, 2.7, 2.5, 2, 1.7, 1.1, 0.8, 0.3, -0.4, -0.6, -0.4, -0.5, -0.3, 
    -0.4, -0.5, -0.5, -0.2, -0.1, -0.8, -2.7, -3.9, -4, -3.5, -3.4, -3.2, 
    -2.9, -2.5, -2.2, -2.2, -2.2, -2.4, -2.4, -2, -2.4, -2.5, -2.2, -2, -1.7, 
    -1.3, -1.2, -1.6, -2, -1.8, -1.7, -2, -1.7, -1.7, -1.5, -1.2, -1.7, -2.4, 
    -2.4, -1.5, -0.8, -1.1, -1.6, -2, -1.7, -1.3, -1.7, -1.6, -1.1, -1.2, 
    -1.3, -1.6, -1.6, -1.5, -1.5, -1.5, -1.5, -1.5, -1.3, -1.2, -1.1, -1.2, 
    -1.2, -1.2, -1.5, -1.5, -1.3, -1.2, -1.2, -1.3, -1.6, -1.6, -1.3, -1.1, 
    -1, -1.2, -1.3, -1.5, -1.3, -1.3, -1.2, -1.2, -1.2, -1.2, -1.2, -1.2, 
    -1.2, -1.2, -1.3, -1.5, -1.2, -1, -1, -1.2, -1.3, -1.2, -1.3, -1.2, -1.2, 
    -1.2, -1.3, -1.5, -1.5, -1.5, -1.3, -1.3, -1.6, -1.7, -1.3, -1.2, -1.2, 
    -1.3, -1.3, -1.3, -1.3, -1.5, -1.5, -1.5, -1.2, -0.8, -1.1, -1.2, -1.2, 
    -1.2, -1.1, -1, -1.2, -1.2, -1.1, -1.1, -1.2, -1.2, -1.1, -1, -0.8, -0.8, 
    -1, -1.1, -1.1, -1.1, -1.2, -1.5, -1.2, -1.1, -1.2, -1.3, -1.3, -1.2, 
    -1.2, -1.2, -1.2, -1.2, -1.2, -1.3, -1.7, -1.7, -1.3, -1.2, -1.1, -1.3, 
    -1.7, -1.7, -1.5, -1.3, -1.3, -1.5, -1.3, -1.2, -1.7, -2.2, -2, -1.5, 
    -1.5, -2, -2.7, -2.4, -2, -2.2, -1.7, -2, -2.2, -1.8, -1.2, -1.3, -1.5, 
    -1.2, -1.3, -1.2, -0.2, 0.1, -0.6, -0.8, 0.1, 0.6, -1.2, -2.9, -4.3, 
    -4.1, -2, 0.2, 2, 3.7, 3, 1.7, 2.4, 4, 4.9, 5.8, 6.6, 6.6, 5.8, 3.9, 1.6, 
    1, 0.6, 0.5, 0.5, 0.1, -0.5, -0.6, -0.3, 0.1, -0.2, -0.8, -1.2, -1.6, 
    -1.6, -1.8, -2.4, -3, -2.2, 2.7 ;

 JWLWC = 0.2, 0.2, 0.2, 0.2, 0.2, 0.2, 0.2, 0.2, 0.2, 0.2, 0.2, 0.2, 0.2, 
    0.2, 0.2, 0.2, 0.2, 0.2, 0.2, 0.2, 0.2, 0.2, 0.2, 0.2, 0.3, 0.3, 0.2, 
    0.1, 0.1, 0.1, 0.1, 0.2, 0.2, 0.2, 0.2, 0.1, 0.1, 0.1, 0.1, 0.2, 0.2, 
    0.2, 0.2, 0.2, 0.2, 0.2, 0.2, 0.2, 0.2, 0.3, 0.2, 0.2, 0.3, 0.3, 0.3, 
    0.4, 0.3, 0.3, 0.3, 0.3, 0.3, 0.4, 0.3, 0.3, 0.3, 0.4, 0.4, 0.4, 0.4, 
    0.4, 0.4, 0.4, 0.3, 0.3, 0.3, 0.3, 0.2, 0.3, 0.2, 0.2, 0.2, 0.1, 0.2, 
    0.2, 0.2, 0.2, 0.2, 0.2, 0.1, 0.2, 0.1, 0.1, 0.1, 0.1, 0.1, 0.1, 0.1, 
    0.2, 0.2, 0.2, 0.2, 0.2, 0.2, 0.2, 0.2, 0.2, 0.2, 0.2, 0.2, 0.2, 0.2, 
    0.2, 0.2, 0.3, 0.3, 0.3, 0.3, 0.3, 0.3, 0.3, 0.3, 0.3, 0.3, 0.3, 0.3, 
    0.2, 0.3, 0.3, 0.3, 0.3, 0.3, 0.2, 0.2, 0.3, 0.3, 0.3, 0.3, 0.3, 0.3, 
    0.2, 0.3, 0.3, 0.3, 0.3, 0.3, 0.3, 0.2, 0.2, 0.2, 0.3, 0.3, 0.3, 0.3, 
    0.3, 0.3, 0.3, 0.3, 0.3, 0.2, 0.2, 0.2, 0.2, 0.2, 0.2, 0.2, 0.2, 0.2, 
    0.2, 0.2, 0.2, 0.2, 0.2, 0.2, 0.2, 0.2, 0.2, 0.2, 0.2, 0.2, 0.2, 0.2, 
    0.2, 0.2, 0.2, 0.2, 0.2, 0.1, 0.2, 0.2, 0.2, 0.1, 0.1, 0.1, 0.1, 0.1, 
    0.1, 0.1, 0.1, 0.1, 0.1, 0.1, 0.1, 0.1, 0.1, 0.1, 0.1, 0.1, 0.1, 0.1, 
    0.2, 0.1, 0.1, 0.1, 0.1, 0.1, 0.1, 0.1, 0.1, 0.1, 0.1, 0.1, 0.2, 0.2, 
    0.2, 0.2, 0.1, 0.2, 0.2, 0.1, 0.1, 0.1, 0.2, 0.3, 0.3, 0.4, 0.4, 0.4, 
    0.4, 0.3, 0.2, 0.2, 0.2, 0.2, 0.2, 0.2, 0.2, 0.2, 0.1, 0.1, 0.1, 0.1, 
    0.1, 0.2, 0.3, 0.2, 0.2, 0.3, 0.3, 0.3 ;

 DEW_POINT = 4.5, 4.5, 4.6, 4.6, 4.5, 4.5, 4.5, 4.5, 4.5, 4.5, 4.5, 4.5, 4.5, 
    4.5, 4.5, 4.6, 4.6, 4.8, 4.6, 4.6, 4.6, 4.6, 4.6, 4.6, 4.6, 4.6, 4.5, 
    4.6, 4.8, 4.9, 4.9, 4.9, 4.9, 4.9, 4.9, 4.9, 4.9, 4.9, 4.9, 4.9, 4.8, 
    4.8, 4.8, 4.8, 4.8, 4.8, 4.8, 4.8, 4.8, 4.6, 4.6, 4.6, 4.6, 4.6, 4.6, 
    4.5, 4.5, 4.5, 4.5, 4.6, 4.6, 4.6, 4.5, 4.5, 4.5, 4.6, 4.6, 4.6, 4.5, 
    4.6, 4.6, 4.6, 4.6, 4.8, 4.8, 4.8, 4.8, 4.9, 4.9, 4.8, 4.9, 4.9, 4.9, 
    4.9, 4.8, 4.8, 4.8, 4.8, 4.8, 4.9, 4.9, 4.9, 4.9, 4.9, 4.9, 4.9, 4.9, 
    4.9, 4.9, 5, 5, 5, 4.9, 4.9, 4.9, 4.9, 4.9, 4.9, 4.9, 4.9, 4.9, 4.9, 4.9, 
    4.9, 4.9, 5, 5, 5, 5, 5, 5, 4.9, 4.9, 4.9, 4.9, 4.9, 4.9, 5, 5, 5, 5, 5, 
    4.9, 4.9, 5, 5, 5, 5, 5, 5, 5, 5, 5, 5, 5, 5, 5, 5, 5, 5, 5, 5, 5, 5, 5, 
    5, 5, 5, 5, 5, 5, 5, 5, 5, 5, 5, 5, 5, 5, 5, 5, 5, 5, 5, 5, 5, 5, 5, 5, 
    5, 5, 5, 5, 5, 5, 5, 5, 5, 5.1, 5, 5, 5, 5.1, 5, 5, 5, 5, 5, 5, 5, 5, 5, 
    4.8, 4.8, 5, 5.1, 5.1, 5.1, 5.4, 5.4, 5.3, 4.8, 4.4, 4.5, 4.8, 4.8, 4.4, 
    4, 4.3, 4.5, 5, 5.1, 5.3, 5.3, 5, 4.6, 4.5, 4.5, 4.6, 4.8, 4.9, 5, 5, 
    5.4, 5.5, 5.5, 5.4, 5.4, 5.4, 5.3, 5, 4.6, 4.4, 4.1, 3.9, 4, 3.9, 3.5, 
    3.5, 3.7, 3.7, 3.5, 3.4, 3.5, 3.7, 4, 3.7, 3.5, 3.7 ;

 GEOPOT_ALT = 945, 945, 945, 943, 942, 938, 937, 935, 936, 937, 938, 939, 
    939, 938, 936, 935, 933, 931, 928, 925, 923, 921, 920, 918, 916, 915, 
    913, 912, 910, 909, 909, 908, 908, 909, 909, 909, 911, 910, 911, 912, 
    913, 912, 914, 913, 913, 915, 914, 914, 914, 915, 915, 915, 915, 915, 
    915, 915, 915, 915, 915, 915, 915, 915, 915, 915, 915, 914, 913, 913, 
    913, 913, 913, 912, 912, 912, 913, 912, 913, 912, 912, 912, 913, 913, 
    913, 913, 913, 913, 913, 913, 912, 912, 913, 912, 912, 912, 912, 912, 
    912, 912, 912, 912, 913, 912, 912, 912, 911, 912, 912, 911, 912, 911, 
    911, 911, 912, 911, 912, 912, 911, 911, 911, 911, 911, 911, 911, 911, 
    911, 911, 911, 911, 910, 910, 910, 909, 910, 911, 909, 910, 910, 911, 
    911, 910, 910, 909, 910, 909, 910, 909, 909, 909, 909, 909, 909, 909, 
    909, 909, 908, 907, 907, 906, 907, 906, 905, 906, 906, 906, 907, 908, 
    908, 908, 908, 908, 908, 909, 908, 908, 908, 908, 908, 907, 908, 908, 
    907, 907, 907, 907, 907, 907, 906, 907, 906, 907, 907, 907, 907, 907, 
    907, 908, 908, 909, 909, 911, 911, 911, 911, 912, 911, 911, 910, 911, 
    910, 910, 910, 910, 910, 910, 911, 911, 912, 910, 910, 910, 912, 912, 
    910, 911, 910, 909, 909, 907, 906, 906, 906, 906, 905, 905, 904, 905, 
    904, 905, 905, 906, 908, 908, 908, 908, 908, 909, 910, 911, 912, 912, 
    913, 913, 911, 911, 911, 910, 910, 910, 910 ;

 PRES_ALT = 922, 922, 920, 918, 916, 914, 913, 912, 913, 913, 914, 915, 914, 
    913, 912, 910, 909, 906, 904, 901, 899, 896, 895, 894, 893, 891, 889, 
    887, 886, 886, 885, 885, 886, 886, 886, 887, 887, 887, 888, 889, 889, 
    889, 891, 891, 892, 892, 892, 893, 893, 893, 893, 893, 894, 894, 895, 
    894, 894, 894, 893, 893, 894, 894, 893, 893, 893, 891, 891, 891, 891, 
    891, 892, 890, 890, 890, 890, 891, 891, 890, 891, 891, 891, 891, 891, 
    891, 891, 891, 892, 892, 891, 891, 891, 891, 891, 891, 891, 891, 890, 
    891, 891, 891, 891, 891, 892, 892, 891, 891, 891, 891, 891, 891, 891, 
    891, 891, 891, 891, 890, 890, 891, 891, 891, 891, 890, 890, 890, 890, 
    890, 890, 890, 890, 890, 890, 890, 890, 890, 890, 890, 890, 890, 891, 
    890, 890, 890, 890, 890, 890, 890, 890, 890, 890, 890, 890, 890, 889, 
    889, 889, 889, 889, 888, 888, 888, 888, 889, 888, 889, 889, 890, 890, 
    890, 891, 890, 891, 890, 891, 891, 891, 890, 890, 890, 890, 890, 889, 
    889, 889, 888, 889, 889, 888, 888, 888, 888, 888, 887, 888, 889, 888, 
    888, 889, 890, 890, 891, 891, 892, 891, 892, 892, 893, 892, 890, 891, 
    892, 891, 891, 890, 889, 891, 892, 892, 892, 891, 891, 893, 895, 894, 
    892, 889, 890, 889, 888, 887, 888, 888, 887, 887, 887, 887, 887, 888, 
    888, 888, 888, 888, 890, 891, 891, 891, 891, 892, 893, 893, 894, 895, 
    894, 894, 894, 894, 893, 892, 892, 893 ;

 WIND_SPD = 29, 28.6, 27.4, 27.2, 27.9, 27.6, 27.5, 28.3, 28, 27.9, 27.3, 27, 
    27.8, 27.7, 27.5, 27.6, 27.5, 27.7, 27.7, 27, 27.4, 28.3, 27.3, 27.2, 
    27.6, 27.9, 28.8, 29.1, 29, 29.1, 29.7, 29.3, 29.4, 30, 29.6, 29.7, 29.6, 
    29.7, 29.9, 29.9, 30.2, 30.2, 30.1, 30, 29.3, 29.5, 29.9, 29.8, 29.7, 
    29.9, 30.4, 30.3, 30.5, 29.8, 28.7, 29.1, 29, 28.8, 29.5, 29.3, 29.1, 
    28.7, 28.6, 28.1, 28.1, 29.1, 29.8, 30.1, 29.6, 29.2, 28.4, 29.3, 29.8, 
    29.7, 29.7, 28.9, 28.9, 29.2, 29.3, 29.4, 28.9, 28.7, 29, 29.3, 29.5, 
    29.5, 29.5, 29.3, 29.3, 29.4, 29.5, 29.6, 29.4, 29, 28.8, 28.9, 29.7, 
    29.7, 29.5, 29.3, 29.2, 29.2, 28.9, 28.9, 29.3, 29.2, 29.2, 29.7, 29.6, 
    29.4, 29.6, 29.1, 28.9, 29, 29.3, 29.4, 29.4, 29.5, 29.5, 28.9, 29, 29.1, 
    28.9, 28.9, 28.8, 28.7, 28.7, 28.7, 28.9, 28.6, 28.5, 28.5, 28.3, 28.2, 
    28.3, 28.4, 28.6, 28.5, 28.1, 28, 28.3, 28.7, 28.4, 28.2, 28.3, 28.4, 
    28.5, 28.5, 29, 29.1, 28.7, 28.9, 29, 29, 28.9, 29.2, 29.4, 29.4, 29.4, 
    29.3, 29.4, 29.4, 29.4, 29.5, 29.5, 29.1, 29, 29.2, 29.3, 29.3, 29.3, 
    29.4, 29.1, 29.1, 29.2, 29.2, 29.1, 29, 28.9, 28.8, 28.8, 29.2, 29, 28.7, 
    28.3, 28.6, 28.7, 28.5, 28.1, 28.6, 28.1, 28.7, 28.7, 28.3, 28.7, 28.3, 
    27.9, 27.6, 27.3, 27.1, 26.4, 26.5, 27.4, 26.8, 25.8, 26.2, 27.6, 28.5, 
    28.6, 28.3, 26.3, 27.7, 30, 31.6, 30.3, 28.9, 27.9, 28.5, 29.5, 30.9, 
    26.1, 22.1, 23.1, 24.8, 26.4, 25.1, 25.2, 27, 28, 26.3, 24.9, 26.5, 27.4, 
    27.3, 27.2, 27.2, 26.1, 27.3, 26.9, 27.2, 26.2, 25.2, 23.1, 23.3, 24.7, 
    23.6, 23.8, 24.1, 23.6, 22.7, 22.6, 22.8, 22.7, 21.5, 20.6, 21.9, 23, 
    23.3, 23.3 ;

 WIND_DIR = 201.6, 201, 201.3, 203.6, 202.4, 201.7, 202.9, 202.1, 200.1, 
    200.9, 201.5, 202.7, 202.1, 202.7, 203.1, 203.3, 202.4, 201.1, 201.9, 
    202.8, 202.6, 201.4, 200.3, 199.6, 197.8, 197.7, 202.2, 203, 202.5, 
    202.9, 203.5, 202.2, 201.7, 202.8, 203.1, 203.4, 203.5, 203.4, 203.3, 
    203, 203.1, 201.8, 202.7, 202.9, 203.2, 203.5, 202.7, 202.4, 202.3, 202, 
    202.1, 201.4, 200.5, 199.5, 198.4, 199.7, 200.2, 200.6, 201.7, 202.1, 
    200.8, 200.5, 201, 201.4, 201.9, 201.4, 199.6, 198.1, 199.2, 198.3, 
    198.8, 199.6, 200.4, 200.5, 202.1, 203.5, 202.8, 203.3, 203.9, 204.1, 
    205.6, 205.6, 205.1, 204.8, 204.9, 204.7, 204.8, 206, 205.8, 205.4, 205, 
    204.9, 205.8, 206.5, 206.7, 205.7, 205.3, 205.3, 205.5, 205.3, 205.4, 
    205, 204.8, 205, 204.9, 205.4, 205.6, 205.2, 205.5, 205.5, 205.5, 205.7, 
    205.5, 205.6, 205.9, 205.7, 205.5, 204.9, 204.7, 205.4, 205.5, 205.2, 
    205.6, 205.5, 205.6, 205.9, 205.7, 205.9, 205.1, 205.1, 205.1, 205.2, 
    204.7, 204.7, 204.4, 203.9, 203.4, 204, 205.3, 205.1, 204.7, 204.5, 
    203.8, 203.4, 203.5, 203.7, 204.5, 204.4, 204.7, 204.6, 204.6, 203.9, 
    203.9, 203.9, 204.1, 204, 204.2, 205.1, 205.6, 205.5, 205.8, 206.5, 
    206.5, 207, 207, 207.7, 207.3, 207.6, 207.8, 208.1, 207.8, 206.4, 206.9, 
    207.1, 207.8, 207.4, 206.8, 206.7, 207.6, 207.3, 206.6, 206.5, 206.3, 
    207, 207.1, 208.4, 210.1, 209.7, 208.9, 208.1, 210.8, 210.3, 210.1, 
    210.3, 213.5, 215.7, 217.9, 218, 217.3, 217.7, 218.5, 216.8, 213.3, 
    213.1, 211.9, 211.8, 213.8, 213.1, 213.9, 218.7, 220.2, 217.8, 219.7, 
    216.3, 214.8, 216, 215.5, 216.9, 216.8, 215.2, 210.9, 215.8, 219.1, 
    223.9, 224.7, 224.2, 221.4, 219.4, 219.1, 217.1, 213.6, 211.6, 212.1, 
    213.7, 215.3, 214.4, 211.5, 211.2, 212, 213.5, 214.8, 217.2, 216.6, 
    216.8, 217.6, 214.6, 213.6, 214.6, 214.6, 213, 213.9, 215.9, 217.3, 
    217.5, 217.6, 218.6, 217.6, 219, 217.7 ;

 VERT_GRDSPD = -0.1, -0.3, -1.2, -2.2, -2.4, -1.5, -0.5, 0.4, 1.5, 1.7, 0.8, 
    -0.4, -0.8, -1.2, -1.5, -1.7, -2.2, -2.9, -3, -3, -2, -1.5, -1.2, -1.7, 
    -2, -1.7, -1.7, -1.1, -0.8, -0.8, -0.1, 0.1, 0, 0.3, 0.5, 0.5, 0.6, 0.6, 
    0.5, 0.5, 0.4, 0.4, 0.5, 0.2, 0.4, 0.3, 0.5, 0.4, 0.2, 0.2, 0.1, 0.2, 
    0.3, 0.4, 0.1, -0.3, -0.1, 0.2, -0.2, 0.1, 0, -0.1, -0.2, -0.2, -0.5, 
    -0.8, -0.1, -0.3, -0.5, 0, -0.1, -0.4, -0.1, 0, 0, 0.3, -0.1, -0.1, 0.3, 
    0.3, 0.1, 0.2, 0.1, 0.1, 0.1, -0.1, -0.1, -0.1, -0.1, -0.2, -0.1, 0, 
    -0.1, 0, -0.1, 0, 0, 0.2, 0.2, 0.2, 0, 0, 0.1, 0, -0.1, 0.1, 0, -0.1, 0, 
    0, -0.1, 0, -0.1, -0.1, -0.1, -0.1, 0, 0.1, -0.1, -0.1, -0.2, -0.2, -0.1, 
    -0.1, 0, 0, -0.1, 0, 0, 0, 0, 0, 0.1, 0.1, 0.1, 0, 0, 0, 0, -0.1, 0, 
    -0.1, 0, 0, 0, 0, 0.1, -0.1, -0.2, -0.1, -0.1, -0.2, -0.3, -0.4, -0.5, 
    -0.3, -0.2, 0, 0, 0.2, 0.3, 0.4, 0.3, 0.4, 0.4, 0.3, 0.3, 0.2, 0, 0.1, 0, 
    -0.1, 0, -0.2, -0.1, -0.2, -0.1, 0, -0.1, -0.2, -0.5, -0.3, -0.1, -0.2, 
    -0.1, -0.1, -0.1, -0.2, -0.2, -0.2, -0.1, -0.1, -0.1, 0.4, 0.5, 0.5, 0.6, 
    0.8, 1, 0.4, 0.2, 0, 0.1, 0, -0.2, -0.1, -0.3, -0.2, -0.1, 0.2, -0.1, 0, 
    0.1, 0.5, 0.8, -0.1, -0.8, -0.6, 0.6, 1.6, 0.3, -0.6, -0.5, -1.1, -0.8, 
    -0.3, -0.8, -1.1, -0.2, -0.3, -0.5, -0.6, -0.1, -0.5, -0.1, 0.4, 0.6, 
    0.6, 1.2, 0.8, 0, 0.4, 0.4, 0.3, 1.2, 0.8, 0.4, 0.8, 0.6, 0.3, -0.1, 
    -0.4, -0.5, -0.3, -0.6, -0.1, 0, -0.1, -0.4 ;

 VERT_AIRSPD = -1.5, -2, -2.5, -2.5, -2.7, -2, -0.8, -0.2, 0, 0.8, 0.8, 0.1, 
    -1.2, -1.3, -1.7, -2.2, -2.5, -3, -3, -2.5, -2.2, -1.6, -1.5, -1.2, -2.4, 
    -2.4, -1.7, -1.5, -1, -0.6, -1, -0.6, -0.4, -0.5, -0.1, 0.1, 0.1, 0, 0.3, 
    0.1, 0.2, 0, 0, -0.1, -0.4, -0.5, -0.6, -0.5, -0.6, -0.8, -0.8, -0.8, 
    -1.1, -1.2, -1.2, -1.1, -1.2, -1.3, -1.2, -1, -1, -1.2, -0.8, -0.8, -0.6, 
    -0.2, -1.2, -0.8, -0.6, -1.3, -1.1, -0.8, -0.6, -0.5, -0.5, -0.4, -0.1, 
    -0.2, -0.4, -0.3, 0, -0.3, -0.2, -0.3, -0.2, -0.2, -0.2, -0.2, -0.3, 
    -0.3, -0.4, -0.5, -0.3, -0.3, -0.3, -0.6, -0.6, -0.5, -0.5, -0.5, -0.5, 
    -0.5, -0.6, -0.6, -0.6, -0.6, -0.4, -0.6, -0.6, -0.6, -0.6, -0.6, -0.6, 
    -0.8, -0.6, -0.5, -0.6, -0.6, -0.6, -0.6, -0.6, -0.6, -0.6, -0.6, -0.6, 
    -0.6, -0.5, -0.5, -0.5, -0.5, -0.4, -0.6, -0.6, -0.6, -0.6, -0.6, -0.6, 
    -0.6, -0.4, -0.5, -0.5, -0.5, -0.4, -0.5, -0.5, -0.5, -0.4, -0.5, -0.6, 
    -0.5, -0.5, -0.5, -0.4, -0.3, -0.3, -0.6, -0.8, -0.8, -0.8, -0.8, -0.6, 
    -0.6, -0.4, -0.4, -0.5, -0.5, -0.6, -0.6, -0.6, -0.8, -0.8, -1.1, -1, 
    -0.8, -0.8, -0.8, -1, -1, -0.8, -0.5, -0.6, -0.8, -0.8, -0.4, -0.4, -0.5, 
    -0.3, -0.1, -0.1, -0.2, -0.1, 0.1, -0.2, -0.8, -0.4, 0.1, 0.1, -0.2, 
    -0.4, 0.1, 0.4, 0, -0.4, -0.6, -0.8, -0.8, -0.6, -0.6, -0.4, 0.1, 0.3, 
    -0.5, 0.1, -0.4, -0.4, 0.2, 0.6, 0, -2, -1.7, -0.8, -0.6, -0.6, 0.6, 0.2, 
    0.6, 0.8, 0.5, 0.2, 0, -0.6, -0.8, -0.6, 0.5, 0.2, 0.1, -0.3, -0.2, -0.5, 
    0.6, 1.5, 0.6, 0.8, 0.4, -0.5, 0.6, 0.1, -0.3, 0, -0.1, -0.1, 0.3, 0.4, 
    0.1, -0.1, -0.5, -0.4, 0, 0.5 ;

 VERT_WIND = 1.3, 1.7, 1.1, 0.2, 0.3, 0.6, 0.4, 0.6, 1.5, 0.8, -0.1, -0.5, 
    0.3, 0.2, 0.3, 0.6, 0.3, 0.1, 0.1, -0.3, 0.3, 0.1, 0.1, -0.4, 0.4, 0.8, 
    0.1, 0.4, 0.1, -0.1, 0.8, 0.8, 0.5, 0.8, 0.6, 0.4, 0.5, 0.6, 0.2, 0.5, 
    0.2, 0.4, 0.5, 0.4, 0.8, 0.8, 1.1, 0.8, 0.8, 1, 1, 1, 1.3, 1.6, 1.5, 0.8, 
    1.1, 1.6, 1.1, 1.1, 0.8, 1.1, 0.6, 0.6, 0.1, -0.5, 1.1, 0.5, 0.1, 1.5, 1, 
    0.4, 0.5, 0.5, 0.5, 0.6, 0, 0.2, 0.6, 0.5, 0.2, 0.4, 0.3, 0.4, 0.3, 0, 0, 
    0.1, 0.1, 0.2, 0.3, 0.5, 0.3, 0.3, 0.2, 0.8, 0.6, 0.6, 0.6, 0.6, 0.5, 
    0.6, 0.6, 0.6, 0.5, 0.8, 0.4, 0.5, 0.6, 0.6, 0.6, 0.6, 0.6, 0.6, 0.6, 
    0.4, 0.6, 0.8, 0.6, 0.6, 0.5, 0.6, 0.6, 0.6, 0.6, 0.6, 0.4, 0.5, 0.5, 
    0.5, 0.4, 0.6, 0.8, 0.8, 0.8, 0.6, 0.6, 0.6, 0.4, 0.4, 0.5, 0.4, 0.4, 
    0.5, 0.4, 0.4, 0.5, 0.4, 0.4, 0.4, 0.4, 0.3, 0.1, -0.1, -0.2, 0.3, 0.6, 
    0.8, 0.8, 1, 1, 0.8, 0.6, 0.8, 0.8, 0.8, 0.8, 0.8, 0.6, 0.8, 0.8, 1, 0.8, 
    0.6, 0.6, 0.6, 0.8, 1, 0.6, 0.3, 0.1, 0.5, 0.8, 0.2, 0.3, 0.4, 0.2, 0, 0, 
    0, 0, -0.2, 0.1, 1.2, 1, 0.3, 0.5, 1, 1.3, 0.3, -0.2, 0, 0.4, 0.6, 0.6, 
    0.6, 0.5, 0.4, 0.3, 0.1, -0.4, 0.6, 0, 0.8, 1.2, -0.3, -1.3, -0.6, 2.7, 
    3.4, 1.2, 0.1, 0.1, -1.7, -1, -0.8, -1.7, -1.6, -0.4, -0.4, 0.3, 0.3, 
    0.6, -0.8, -0.4, 0.3, 0.8, 1, 1.7, 0.4, -1.5, -0.2, -0.5, -0.2, 1.8, 0.2, 
    0.3, 1.1, 0.6, 0.5, -0.1, -0.6, -0.8, -0.5, -0.5, 0.4, 0.4, -0.1, -0.8 ;
}
